2023-08-06 06:14:38.937614 - Initialized conversion of CBT648
2023-08-06 06:14:39.287147 - Received SBGOLOB.CBT506.FILE648 from FILE648.XMI 
2023-08-06 06:14:39.289562 - Found $$$#DATE.txt (text/plain) in SBGOLOB.CBT506.FILE648, moved to FILE648/$$$#DATE
2023-08-06 06:14:39.290794 - Found $$$INDEX.txt (text/plain) in SBGOLOB.CBT506.FILE648, moved to FILE648/$$$INDEX
2023-08-06 06:14:39.291866 - Found $$DOC.txt (text/plain) in SBGOLOB.CBT506.FILE648, moved to FILE648/$$DOC
2023-08-06 06:14:39.292997 - Found $$README.txt (text/plain) in SBGOLOB.CBT506.FILE648, moved to FILE648/$$README
2023-08-06 06:14:39.293907 - Found $ALLOC.jcl (text/plain) in SBGOLOB.CBT506.FILE648, moved to FILE648/$ALLOC
2023-08-06 06:14:39.294905 - Found $COMNDS.txt (text/plain) in SBGOLOB.CBT506.FILE648, moved to FILE648/$COMNDS
2023-08-06 06:14:39.295925 - Found $INSTALL.txt (text/plain) in SBGOLOB.CBT506.FILE648, moved to FILE648/$INSTALL
2023-08-06 06:14:39.296821 - Found $LINK.jcl (text/plain) in SBGOLOB.CBT506.FILE648, moved to FILE648/$LINK
2023-08-06 06:14:39.297773 - Found $MONITOR.txt (text/plain) in SBGOLOB.CBT506.FILE648, moved to FILE648/$MONITOR
2023-08-06 06:14:39.298753 - Found $OPTIONS.txt (text/plain) in SBGOLOB.CBT506.FILE648, moved to FILE648/$OPTIONS
2023-08-06 06:14:39.299720 - Found $RACF.jcl (text/plain) in SBGOLOB.CBT506.FILE648, moved to FILE648/$RACF
2023-08-06 06:14:39.300665 - Found @FILE648.txt (text/plain) in SBGOLOB.CBT506.FILE648, moved to FILE648/@FILE648
2023-08-06 06:14:39.301703 - Found RMSCMD.txt (text/plain) in SBGOLOB.CBT506.FILE648, moved to FILE648/RMSCMD
2023-08-06 06:14:39.302682 - Found RMSFRR.txt (text/plain) in SBGOLOB.CBT506.FILE648, moved to FILE648/RMSFRR
2023-08-06 06:14:39.303655 - Found RMSINI.txt (text/plain) in SBGOLOB.CBT506.FILE648, moved to FILE648/RMSINI
2023-08-06 06:14:39.304634 - Found RMSLOG.txt (text/plain) in SBGOLOB.CBT506.FILE648, moved to FILE648/RMSLOG
2023-08-06 06:14:39.305519 - Found RMSMSG.txt (text/plain) in SBGOLOB.CBT506.FILE648, moved to FILE648/RMSMSG
2023-08-06 06:14:39.306452 - Found RMSRTM.txt (text/plain) in SBGOLOB.CBT506.FILE648, moved to FILE648/RMSRTM
2023-08-06 06:14:39.307346 - Found RMSSRV.txt (text/plain) in SBGOLOB.CBT506.FILE648, moved to FILE648/RMSSRV
2023-08-06 06:14:39.308276 - Found RMSSSI.txt (text/plain) in SBGOLOB.CBT506.FILE648, moved to FILE648/RMSSSI
2023-08-06 06:14:39.309192 - Found RMSSVC.txt (text/plain) in SBGOLOB.CBT506.FILE648, moved to FILE648/RMSSVC
2023-08-06 06:14:39.310189 - Found ZCALL.txt (text/plain) in SBGOLOB.CBT506.FILE648, moved to FILE648/ZCALL
2023-08-06 06:14:39.311081 - Found ZGBLS.txt (text/plain) in SBGOLOB.CBT506.FILE648, moved to FILE648/ZGBLS
2023-08-06 06:14:39.311985 - Found ZGEQU.txt (text/plain) in SBGOLOB.CBT506.FILE648, moved to FILE648/ZGEQU
2023-08-06 06:14:39.312848 - Found ZLOGS.txt (text/plain) in SBGOLOB.CBT506.FILE648, moved to FILE648/ZLOGS
2023-08-06 06:14:39.313708 - Found ZMACS.txt (text/plain) in SBGOLOB.CBT506.FILE648, moved to FILE648/ZMACS
2023-08-06 06:14:39.314659 - Found ZRETRY.txt (text/plain) in SBGOLOB.CBT506.FILE648, moved to FILE648/ZRETRY
2023-08-06 06:14:39.315577 - Found ZRWA.txt (text/plain) in SBGOLOB.CBT506.FILE648, moved to FILE648/ZRWA
2023-08-06 06:14:39.316560 - Found ZSVT.txt (text/plain) in SBGOLOB.CBT506.FILE648, moved to FILE648/ZSVT
2023-08-06 06:14:39.317525 - Found ZTABS.txt (text/plain) in SBGOLOB.CBT506.FILE648, moved to FILE648/ZTABS
2023-08-06 06:14:39.318540 - Found ZTRCE.txt (text/plain) in SBGOLOB.CBT506.FILE648, moved to FILE648/ZTRCE
2023-08-06 06:14:39.319467 - Found ZWTO.txt (text/plain) in SBGOLOB.CBT506.FILE648, moved to FILE648/ZWTO
